Git utilisé : /opt/softs/git/bin/git
Version de git : git version 2.29.2
Updating https://github.com/apple/swift-cmark
Updated https://github.com/apple/swift-cmark (1.02s)
Fetching https://github.com/apple/swift-format
Fetching https://github.com/apple/swift-argument-parser.git
Fetching https://github.com/apple/swift-syntax.git
Fetching https://github.com/apple/swift-system.git
Fetching https://github.com/apple/swift-tools-support-core.git
[1/4391] Fetching swift-system
[4392/16564] Fetching swift-system, swift-format
[6827/31944] Fetching swift-system, swift-format, swift-argument-parser
Fetched https://github.com/apple/swift-system.git from cache (1.88s)
[13096/27553] Fetching swift-format, swift-argument-parser
[13559/34352] Fetching swift-format, swift-argument-parser, swift-tools-support-core
Fetched https://github.com/apple/swift-format from cache (2.27s)
Computing version for https://github.com/apple/swift-format
Fetched https://github.com/apple/swift-tools-support-core.git from cache (2.58s)
Fetched https://github.com/apple/swift-argument-parser.git from cache (2.72s)
Computed https://github.com/apple/swift-format at 508.0.1 (0.85s)
[1/70720] Fetching swift-syntax
Fetched https://github.com/apple/swift-syntax.git from cache (7.29s)
Computing version for https://github.com/apple/swift-tools-support-core.git
Computed https://github.com/apple/swift-tools-support-core.git at 0.5.3 (0.87s)
Computing version for https://github.com/apple/swift-syntax.git
Computed https://github.com/apple/swift-syntax.git at 508.0.1 (0.87s)
Computing version for https://github.com/apple/swift-argument-parser.git
Computed https://github.com/apple/swift-argument-parser.git at 1.2.3 (0.78s)
Computing version for https://github.com/apple/swift-system.git
Computed https://github.com/apple/swift-system.git at 1.2.1 (0.75s)
Creating working copy for https://github.com/apple/swift-argument-parser.git
Working copy of https://github.com/apple/swift-argument-parser.git resolved at 1.2.3
Creating working copy for https://github.com/apple/swift-system.git
Working copy of https://github.com/apple/swift-system.git resolved at 1.2.1
Creating working copy for https://github.com/apple/swift-tools-support-core.git
Working copy of https://github.com/apple/swift-tools-support-core.git resolved at 0.5.3
Creating working copy for https://github.com/apple/swift-cmark
Working copy of https://github.com/apple/swift-cmark resolved at gfm (fc07ab5)
Creating working copy for https://github.com/apple/swift-format
Working copy of https://github.com/apple/swift-format resolved at 508.0.1
Creating working copy for https://github.com/apple/swift-syntax.git
Working copy of https://github.com/apple/swift-syntax.git resolved at 508.0.1
Building for debugging...
[0/5] Write sources
[1/5] Write swift-version--3E27FE4169C07DBC.txt
[3/18] Compiling spinswift FileManagement.swift
[4/18] Compiling spinswift Constants.swift
[5/18] Compiling spinswift Integration.swift
/home/mf283855/work_THERMOSPIN/spinswift/Sources/spinswift/core/Integration.swift:61:17: warning: immutable value 'm' was never used; consider replacing with '_' or removing it
            let m : Vector3 = Analysis(h.atoms).GetMagnetization()
                ^
                _
/home/mf283855/work_THERMOSPIN/spinswift/Sources/spinswift/core/Integration.swift:62:17: warning: immutable value 'mnorm' was never used; consider replacing with '_' or removing it
            let mnorm : Double = Analysis(h.atoms).GetMagnetizationLength()
                ^~~~~
                _
[6/18] Compiling spinswift SimulationProgram.swift
/home/mf283855/work_THERMOSPIN/spinswift/Sources/spinswift/core/SimulationProgram.swift:140:17: warning: immutable value 'mnorm' was never used; consider replacing with '_' or removing it
            let mnorm : Double = Analysis(I.h.atoms).GetMagnetizationLength()
                ^~~~~
                _
/home/mf283855/work_THERMOSPIN/spinswift/Sources/spinswift/core/SimulationProgram.swift:141:17: warning: immutable value 'mnorm1' was never used; consider replacing with '_' or removing it
            let mnorm1 : Double = Analysis(sl1).GetMagnetizationLength()
                ^~~~~~
                _
/home/mf283855/work_THERMOSPIN/spinswift/Sources/spinswift/core/SimulationProgram.swift:142:17: warning: immutable value 'mnorm2' was never used; consider replacing with '_' or removing it
            let mnorm2 : Double = Analysis(sl2).GetMagnetizationLength()
                ^~~~~~
                _
/home/mf283855/work_THERMOSPIN/spinswift/Sources/spinswift/core/SimulationProgram.swift:166:90: warning: immutable value 'T_final' was never used; consider replacing with '_' or removing it
        let stop: Double = Initialize.stop; let Δt : Double = Initialize.time_step; let T_final: Double = Initialize.T_final
/home/mf283855/work_THERMOSPIN/spinswift/Sources/spinswift/core/SimulationProgram.swift:167:13: warning: immutable value 'dT' was never used; consider replacing with '_' or removing it
        let dT: Double = Initialize.T_step; let α: Double = Initialize.α; let thermostat: String = Initialize.thermostat 
[7/18] Compiling spinswift main.swift
[8/18] Compiling spinswift Configuration.swift
/home/mf283855/work_THERMOSPIN/spinswift/Sources/spinswift/core/Configuration.swift:75:9: warning: variable 'Alloy' was never mutated; consider changing to 'let' constant
    var Alloy: [Atom] = structure
    ~~~ ^
    let
/home/mf283855/work_THERMOSPIN/spinswift/Sources/spinswift/core/Configuration.swift:123:9: warning: variable 'Alloy' was never mutated; consider changing to 'let' constant
    var Alloy = structure
    ~~~ ^
    let
[9/18] Compiling spinswift Atom.swift
/home/mf283855/work_THERMOSPIN/spinswift/Sources/spinswift/core/Atom.swift:288:13: warning: immutable value 'β' was never used; consider replacing with '_' or removing it
        let β: Double = (k_B.value*Temp) 
/home/mf283855/work_THERMOSPIN/spinswift/Sources/spinswift/core/Atom.swift:294:13: warning: variable 'D_T' was never mutated; consider changing to 'let' constant
        var D_T: Double = D0*pow(moments.spin.Norm(),2)+Dc
        ~~~ ^
        let
[10/18] Compiling spinswift Analysis.swift
[11/18] Emitting module spinswift
[12/18] Compiling spinswift LaserHeating.swift
[13/18] Compiling spinswift Interaction.swift
/home/mf283855/work_THERMOSPIN/spinswift/Sources/spinswift/core/Interaction.swift:179:38: warning: result of call to 'ZeemanField(_:value:)' is unused
        if (isZeeman.computed) {self.ZeemanField(isZeeman.axis,value:isZeeman.value)}
                                     ^          ~~~~~~~~~~~~~~~~~~~~~~~~~~~~~~~~~~~~
/home/mf283855/work_THERMOSPIN/spinswift/Sources/spinswift/core/Interaction.swift:180:43: warning: result of call to 'STT_DampingLike(Pol:Amplitde:)' is unused
        if (isSTT_Damping.computed) {self.STT_DampingLike(Pol:isSTT_Damping.Pol,Amplitde:isSTT_Damping.Amplitde)}
                                          ^              ~~~~~~~~~~~~~~~~~~~~~~~~~~~~~~~~~~~~~~~~~~~~~~~~~~~~~~~
/home/mf283855/work_THERMOSPIN/spinswift/Sources/spinswift/core/Interaction.swift:181:40: warning: result of call to 'ExchangeField(typeI:typeJ:value:Rcut:BCs:)' is unused
        if (isExchange.computed) {self.ExchangeField(typeI: isExchange.typeI, typeJ: isExchange.typeJ, value: isExchange.value, Rcut: isExchange.Rcut, BCs: isExchange.BCs)}
                                       ^            ~~~~~~~~~~~~~~~~~~~~~~~~~~~~~~~~~~~~~~~~~~~~~~~~~~~~~~~~~~~~~~~~~~~~~~~~~~~~~~~~~~~~~~~~~~~~~~~~~~~~~~~~~~~~~~~~~~~~~~~
/home/mf283855/work_THERMOSPIN/spinswift/Sources/spinswift/core/Interaction.swift:182:40: warning: result of call to 'UniaxialField(_:value:)' is unused
        if (isUniaxial.computed) {self.UniaxialField(isUniaxial.axis,value:isUniaxial.value)}
                                       ^            ~~~~~~~~~~~~~~~~~~~~~~~~~~~~~~~~~~~~~~~~
/home/mf283855/work_THERMOSPIN/spinswift/Sources/spinswift/core/Interaction.swift:183:39: warning: result of call to 'Dampening' is unused
        if (isDamping.computed) {self.Dampening(isDamping.α)}
[14/18] Compiling spinswift LinearAlgebra.swift
[15/18] Compiling spinswift PeriodicTable.swift
[16/19] Wrapping AST for spinswift for debugging
[17/19] Write Objects.LinkFileList
[18/19] Linking spinswift
Build complete! (15.17s)
Simulation saved in /home/mf283855/Documents/AOS_FeGd_25pct.dat
